[debug] [2025-12-15T02:50:12.758Z] ----------------------------------------------------------------------
[debug] [2025-12-15T02:50:12.765Z] Command:       D:\Program Files\nodejs\node.exe C:\Users\think\AppData\Roaming\npm\node_modules\firebase-tools\lib\bin\firebase.js login:ci
[debug] [2025-12-15T02:50:12.766Z] CLI Version:   15.0.0
[debug] [2025-12-15T02:50:12.766Z] Platform:      win32
[debug] [2025-12-15T02:50:12.766Z] Node Version:  v24.12.0
[debug] [2025-12-15T02:50:12.767Z] Time:          Mon Dec 15 2025 10:50:12 GMT+0800 (中国标准时间)
[debug] [2025-12-15T02:50:12.767Z] ----------------------------------------------------------------------
[debug] 
[warn] !  Authenticating with a `login:ci` token is deprecated and will be removed in a future major version of `firebase-tools`. Instead, use a service account key with `GOOGLE_APPLICATION_CREDENTIALS`: https://cloud.google.com/docs/authentication/getting-started 
[info] 
[info] Visit this URL on this device to log in:
[info] https://accounts.google.com/o/oauth2/auth?client_id=563584335869-fgrhgmd47bqnekij5i8b5pr03ho849e6.apps.googleusercontent.com&scope=email%20openid%20https%3A%2F%2Fwww.googleapis.com%2Fauth%2Fcloudplatformprojects.readonly%20https%3A%2F%2Fwww.googleapis.com%2Fauth%2Ffirebase%20https%3A%2F%2Fwww.googleapis.com%2Fauth%2Fcloud-platform&response_type=code&state=963850796&redirect_uri=http%3A%2F%2Flocalhost%3A9005
[info] 
[info] Waiting for authentication...
[debug] [2025-12-15T02:50:25.223Z] >>> [apiv2][query] POST https://accounts.google.com/o/oauth2/token [none]
[debug] [2025-12-15T02:50:25.224Z] >>> [apiv2][body] POST https://accounts.google.com/o/oauth2/token [omitted]
[debug] [2025-12-15T02:50:46.335Z] *** [apiv2] error from fetch(https://accounts.google.com/o/oauth2/token, {"headers":{},"method":"POST","body":{"_overheadLength":543,"_valueLength":208,"_valuesToMeasure":[],"writable":false,"readable":true,"dataSize":0,"maxDataSize":2097152,"pauseStreams":true,"_released":true,"_streams":[],"_currentStream":null,"_insideLoop":false,"_pendingNext":false,"_boundary":"--------------------------e5c6a37b27c15ae09d1ec30d","_events":{},"_eventsCount":1}}): FetchError: request to https://accounts.google.com/o/oauth2/token failed, reason: connect ETIMEDOUT 142.251.8.84:443
[debug] [2025-12-15T02:50:46.335Z] Token Fetch Error: FirebaseError: Failed to make request to https://accounts.google.com/o/oauth2/token
    at RetryOperation._fn (C:\Users\think\AppData\Roaming\npm\node_modules\firebase-tools\lib\apiv2.js:271:31)
    at process.processTicksAndRejections (node:internal/process/task_queues:103:5)
[error] Authentication Error: Your credentials are no longer valid. Please run firebase login --reauth

For CI servers and headless environments, generate a new token with firebase login:ci
[debug] [2025-12-15T02:50:46.343Z] >>> [apiv2][query] POST https://auth.firebase.tools/attest [none]
[debug] [2025-12-15T02:50:46.343Z] >>> [apiv2][body] POST https://auth.firebase.tools/attest {"session_id":"d82c1010-2fa2-4c95-933e-a50e36200526"}
[debug] [2025-12-15T02:50:47.246Z] <<< [apiv2][status] POST https://auth.firebase.tools/attest 200
[debug] [2025-12-15T02:50:47.246Z] <<< [apiv2][body] POST https://auth.firebase.tools/attest {"token":"TxrW6dKluTa6_6iBjAoN1KICZD2v2j59RBM1rA_brfA"}
[info] 
[info] To sign in to the Firebase CLI:
[info] 
[info] 1. Take note of your session ID:
[info] 
[info]    D82C1
[info] 
[info] 2. Visit the URL below on any device and follow the instructions to get your code:
[info] 
[info]    https://auth.firebase.tools/login?code_challenge=wMYwfDpTPfy-8lEVFlON4p4Ec0fu3PQQ6vrpf1y2nbw&session=d82c1010-2fa2-4c95-933e-a50e36200526&attest=TxrW6dKluTa6_6iBjAoN1KICZD2v2j59RBM1rA_brfA
[info] 
[info] 3. Paste or enter the authorization code below once you have it:
[info] 
[debug] [2025-12-15T04:16:49.956Z] ExitPromptError: User force closed the prompt with SIGINT
    at Interface.sigint (C:\Users\think\AppData\Roaming\npm\node_modules\firebase-tools\node_modules\@inquirer\core\dist\commonjs\lib\create-prompt.js:101:37)
    at Interface.emit (node:events:508:28)
    at [_ttyWrite] [as _ttyWrite] (node:internal/readline/interface:1327:18)
    at ReadStream.onkeypress (node:internal/readline/interface:284:20)
    at ReadStream.emit (node:events:520:35)
    at emitKeys (node:internal/readline/utils:371:14)
    at emitKeys.next (<anonymous>)
    at ReadStream.onData (node:internal/readline/emitKeypressEvents:64:36)
    at ReadStream.emit (node:events:508:28)
    at addChunk (node:internal/streams/readable:559:12)
[error] 
[error] Error: An unexpected error has occurred.
